0 info it worked if it ends with ok
1 verbose cli [ 'node', '/usr/local/bin/npm', 'update', '-g', 'ionic' ]
2 info using npm@1.4.28
3 info using node@v0.10.36
4 verbose request where is /ionic
5 verbose request registry https://registry.npmjs.org/
6 verbose request id 7d18e1f0471cb539
7 verbose url raw /ionic
8 verbose url resolving [ 'https://registry.npmjs.org/', './ionic' ]
9 verbose url resolved https://registry.npmjs.org/ionic
10 verbose request where is https://registry.npmjs.org/ionic
11 info trying registry request attempt 1 at 21:09:45
12 verbose etag "9TFPG8DCBK8D6CT2GA9STOBXQ"
13 http GET https://registry.npmjs.org/ionic
14 http 200 https://registry.npmjs.org/ionic
15 silly registry.get cb [ 200,
15 silly registry.get   { date: 'Wed, 11 Mar 2015 02:09:46 GMT',
15 silly registry.get     server: 'CouchDB/1.5.0 (Erlang OTP/R16B03)',
15 silly registry.get     etag: '"AETPH3JFUH3W6CLO3AOV926P0"',
15 silly registry.get     'content-type': 'application/json',
15 silly registry.get     'cache-control': 'max-age=60',
15 silly registry.get     'content-length': '242786',
15 silly registry.get     'accept-ranges': 'bytes',
15 silly registry.get     via: '1.1 varnish',
15 silly registry.get     age: '0',
15 silly registry.get     'x-served-by': 'cache-dfw1831-DFW',
15 silly registry.get     'x-cache': 'MISS',
15 silly registry.get     'x-cache-hits': '0',
15 silly registry.get     'x-timer': 'S1426039786.493485,VS0,VE261',
15 silly registry.get     vary: 'Accept',
15 silly registry.get     'keep-alive': 'timeout=10, max=50',
15 silly registry.get     connection: 'Keep-Alive' } ]
16 info outdated updating [ [ '/usr/local/lib',
16 info outdated     'ionic',
16 info outdated     '1.3.11',
16 info outdated     '1.3.14',
16 info outdated     '1.3.14',
16 info outdated     'latest' ] ]
17 verbose install where,what [ '/usr/local/lib', [ 'ionic@1.3.14' ] ]
18 verbose cache add [ 'ionic@1.3.14', null ]
19 verbose cache add name=undefined spec="ionic@1.3.14" args=["ionic@1.3.14",null]
20 verbose parsed url { protocol: null,
20 verbose parsed url   slashes: null,
20 verbose parsed url   auth: null,
20 verbose parsed url   host: null,
20 verbose parsed url   port: null,
20 verbose parsed url   hostname: null,
20 verbose parsed url   hash: null,
20 verbose parsed url   search: null,
20 verbose parsed url   query: null,
20 verbose parsed url   pathname: 'ionic@1.3.14',
20 verbose parsed url   path: 'ionic@1.3.14',
20 verbose parsed url   href: 'ionic@1.3.14' }
21 verbose cache add name="ionic" spec="1.3.14" args=["ionic","1.3.14"]
22 verbose parsed url { protocol: null,
22 verbose parsed url   slashes: null,
22 verbose parsed url   auth: null,
22 verbose parsed url   host: null,
22 verbose parsed url   port: null,
22 verbose parsed url   hostname: null,
22 verbose parsed url   hash: null,
22 verbose parsed url   search: null,
22 verbose parsed url   query: null,
22 verbose parsed url   pathname: '1.3.14',
22 verbose parsed url   path: '1.3.14',
22 verbose parsed url   href: '1.3.14' }
23 verbose addNamed [ 'ionic', '1.3.14' ]
24 verbose addNamed [ '1.3.14', '1.3.14' ]
25 silly lockFile 140fa666-ionic-1-3-14 ionic@1.3.14
26 verbose lock ionic@1.3.14 /Users/John/.npm/140fa666-ionic-1-3-14.lock
27 verbose registry.get https://registry.npmjs.org/ionic not expired, no request
28 silly lockFile 0bb9e6e0-npmjs-org-ionic-ionic-1-3-14-tgz https://registry.npmjs.org/ionic/-/ionic-1.3.14.tgz
29 verbose lock https://registry.npmjs.org/ionic/-/ionic-1.3.14.tgz /Users/John/.npm/0bb9e6e0-npmjs-org-ionic-ionic-1-3-14-tgz.lock
30 verbose addRemoteTarball [ 'https://registry.npmjs.org/ionic/-/ionic-1.3.14.tgz',
30 verbose addRemoteTarball   '523049b9c7ff3cc4cf8b4dff6868bc554d50ae4d' ]
31 info retry fetch attempt 1 at 21:09:48
32 verbose fetch to= /var/folders/j8/w_nbwzl528j89s3ztt1z8g_w0000gn/T/npm-17180-5fYBlHcF/registry.npmjs.org/ionic/-/ionic-1.3.14.tgz
33 http GET https://registry.npmjs.org/ionic/-/ionic-1.3.14.tgz
34 http 200 https://registry.npmjs.org/ionic/-/ionic-1.3.14.tgz
35 silly lockFile 0bb9e6e0-npmjs-org-ionic-ionic-1-3-14-tgz https://registry.npmjs.org/ionic/-/ionic-1.3.14.tgz
36 silly lockFile 0bb9e6e0-npmjs-org-ionic-ionic-1-3-14-tgz https://registry.npmjs.org/ionic/-/ionic-1.3.14.tgz
37 silly lockFile 140fa666-ionic-1-3-14 ionic@1.3.14
38 silly lockFile 140fa666-ionic-1-3-14 ionic@1.3.14
39 error Error: EACCES, mkdir '/Users/John/.npm/ionic/1.3.14'
39 error  { [Error: EACCES, mkdir '/Users/John/.npm/ionic/1.3.14']
39 error   errno: 3,
39 error   code: 'EACCES',
39 error   path: '/Users/John/.npm/ionic/1.3.14' }
40 error Please try running this command again as root/Administrator.
41 error System Darwin 14.1.0
42 error command "node" "/usr/local/bin/npm" "update" "-g" "ionic"
43 error cwd /Users/John/Projects/Sandbox/noble
44 error node -v v0.10.36
45 error npm -v 1.4.28
46 error path /Users/John/.npm/ionic/1.3.14
47 error code EACCES
48 error errno 3
49 error stack Error: EACCES, mkdir '/Users/John/.npm/ionic/1.3.14'
50 verbose exit [ 3, true ]
